mode: set
altevent/delivery/controllers/events/events.go:23.78,28.2 1 1
altevent/delivery/controllers/events/events.go:30.59,31.36 1 1
altevent/delivery/controllers/events/events.go:31.36,37.43 4 1
altevent/delivery/controllers/events/events.go:42.3,42.51 1 1
altevent/delivery/controllers/events/events.go:47.3,62.17 3 1
altevent/delivery/controllers/events/events.go:67.3,79.66 3 1
altevent/delivery/controllers/events/events.go:37.43,40.4 2 0
altevent/delivery/controllers/events/events.go:42.51,45.4 2 0
altevent/delivery/controllers/events/events.go:62.17,65.4 2 0
altevent/delivery/controllers/events/events.go:83.60,84.36 1 1
altevent/delivery/controllers/events/events.go:84.36,88.17 3 1
altevent/delivery/controllers/events/events.go:92.3,93.32 2 1
altevent/delivery/controllers/events/events.go:97.3,99.17 2 1
altevent/delivery/controllers/events/events.go:103.3,113.64 2 1
altevent/delivery/controllers/events/events.go:88.17,91.4 2 0
altevent/delivery/controllers/events/events.go:93.32,95.4 1 1
altevent/delivery/controllers/events/events.go:99.17,102.4 2 0
altevent/delivery/controllers/events/events.go:118.59,119.36 1 1
altevent/delivery/controllers/events/events.go:119.36,125.17 2 1
altevent/delivery/controllers/events/events.go:130.3,131.36 2 1
altevent/delivery/controllers/events/events.go:125.17,128.4 2 0
altevent/delivery/controllers/events/events.go:136.59,137.36 1 1
altevent/delivery/controllers/events/events.go:137.36,140.44 2 1
altevent/delivery/controllers/events/events.go:144.3,144.52 1 1
altevent/delivery/controllers/events/events.go:149.3,150.17 2 1
altevent/delivery/controllers/events/events.go:155.3,156.28 2 1
altevent/delivery/controllers/events/events.go:160.3,174.17 3 1
altevent/delivery/controllers/events/events.go:183.3,193.60 2 1
altevent/delivery/controllers/events/events.go:140.44,142.4 1 0
altevent/delivery/controllers/events/events.go:144.52,147.4 2 0
altevent/delivery/controllers/events/events.go:150.17,153.4 2 0
altevent/delivery/controllers/events/events.go:156.28,158.4 1 0
altevent/delivery/controllers/events/events.go:174.17,177.31 3 1
altevent/delivery/controllers/events/events.go:180.4,180.77 1 1
altevent/delivery/controllers/events/events.go:177.31,179.5 1 0
altevent/delivery/controllers/events/events.go:198.59,199.36 1 1
altevent/delivery/controllers/events/events.go:199.36,204.17 3 1
altevent/delivery/controllers/events/events.go:209.3,211.32 2 1
altevent/delivery/controllers/events/events.go:215.3,216.17 2 1
altevent/delivery/controllers/events/events.go:220.3,222.19 2 1
altevent/delivery/controllers/events/events.go:226.3,226.52 1 1
altevent/delivery/controllers/events/events.go:204.17,207.4 2 0
altevent/delivery/controllers/events/events.go:211.32,213.4 1 0
altevent/delivery/controllers/events/events.go:216.17,218.4 1 1
altevent/delivery/controllers/events/events.go:222.19,224.4 1 0
altevent/delivery/controllers/events/events.go:230.67,231.36 1 1
altevent/delivery/controllers/events/events.go:231.36,235.17 3 1
altevent/delivery/controllers/events/events.go:239.3,240.28 2 1
altevent/delivery/controllers/events/events.go:257.3,257.76 1 1
altevent/delivery/controllers/events/events.go:235.17,237.4 1 0
altevent/delivery/controllers/events/events.go:240.28,256.4 2 1
altevent/delivery/controllers/comment/comment.go:23.79,28.2 1 1
altevent/delivery/controllers/comment/comment.go:30.61,31.36 1 1
altevent/delivery/controllers/comment/comment.go:31.36,34.45 3 1
altevent/delivery/controllers/comment/comment.go:39.3,39.54 1 1
altevent/delivery/controllers/comment/comment.go:43.3,50.17 4 1
altevent/delivery/controllers/comment/comment.go:53.3,53.89 1 1
altevent/delivery/controllers/comment/comment.go:34.45,37.4 2 1
altevent/delivery/controllers/comment/comment.go:39.54,42.4 2 1
altevent/delivery/controllers/comment/comment.go:50.17,52.4 1 1
altevent/delivery/controllers/comment/comment.go:57.66,58.36 1 1
altevent/delivery/controllers/comment/comment.go:58.36,62.17 3 1
altevent/delivery/controllers/comment/comment.go:66.3,67.28 2 1
altevent/delivery/controllers/comment/comment.go:75.3,75.74 1 1
altevent/delivery/controllers/comment/comment.go:62.17,64.4 1 1
altevent/delivery/controllers/comment/comment.go:67.28,74.4 2 1
altevent/delivery/controllers/comment/comment.go:79.56,80.36 1 1
altevent/delivery/controllers/comment/comment.go:80.36,85.44 4 1
altevent/delivery/controllers/comment/comment.go:90.3,95.17 3 1
altevent/delivery/controllers/comment/comment.go:99.3,99.58 1 1
altevent/delivery/controllers/comment/comment.go:85.44,88.4 2 1
altevent/delivery/controllers/comment/comment.go:95.17,97.4 1 1
altevent/delivery/controllers/comment/comment.go:103.56,104.36 1 1
altevent/delivery/controllers/comment/comment.go:104.36,108.17 4 1
altevent/delivery/controllers/comment/comment.go:111.3,111.52 1 1
altevent/delivery/controllers/comment/comment.go:108.17,110.4 1 1
altevent/delivery/controllers/user/user.go:24.74,29.2 1 1
altevent/delivery/controllers/user/user.go:31.55,32.36 1 1
altevent/delivery/controllers/user/user.go:32.36,36.42 3 1
altevent/delivery/controllers/user/user.go:41.3,41.50 1 1
altevent/delivery/controllers/user/user.go:46.3,58.17 5 1
altevent/delivery/controllers/user/user.go:63.3,71.63 3 1
altevent/delivery/controllers/user/user.go:36.42,39.4 2 1
altevent/delivery/controllers/user/user.go:41.50,44.4 2 1
altevent/delivery/controllers/user/user.go:58.17,61.4 2 1
altevent/delivery/controllers/user/user.go:75.52,76.36 1 1
altevent/delivery/controllers/user/user.go:76.36,81.40 4 1
altevent/delivery/controllers/user/user.go:86.3,86.48 1 1
altevent/delivery/controllers/user/user.go:91.3,93.17 2 1
altevent/delivery/controllers/user/user.go:97.3,106.22 3 1
altevent/delivery/controllers/user/user.go:118.3,118.70 1 0
altevent/delivery/controllers/user/user.go:81.40,84.4 2 1
altevent/delivery/controllers/user/user.go:86.48,89.4 2 1
altevent/delivery/controllers/user/user.go:93.17,95.4 1 1
altevent/delivery/controllers/user/user.go:106.22,110.4 3 1
altevent/delivery/controllers/user/user.go:122.51,123.36 1 1
altevent/delivery/controllers/user/user.go:123.36,127.17 3 1
altevent/delivery/controllers/user/user.go:131.3,132.32 2 1
altevent/delivery/controllers/user/user.go:136.3,138.17 2 1
altevent/delivery/controllers/user/user.go:142.3,148.64 2 1
altevent/delivery/controllers/user/user.go:127.17,130.4 2 1
altevent/delivery/controllers/user/user.go:132.32,134.4 1 0
altevent/delivery/controllers/user/user.go:138.17,141.4 2 1
altevent/delivery/controllers/user/user.go:153.58,154.36 1 1
altevent/delivery/controllers/user/user.go:154.36,158.17 3 1
altevent/delivery/controllers/user/user.go:163.3,164.32 2 1
altevent/delivery/controllers/user/user.go:168.3,169.17 2 1
altevent/delivery/controllers/user/user.go:174.3,175.28 2 1
altevent/delivery/controllers/user/user.go:193.3,193.64 1 1
altevent/delivery/controllers/user/user.go:158.17,161.4 2 1
altevent/delivery/controllers/user/user.go:164.32,166.4 1 1
altevent/delivery/controllers/user/user.go:169.17,172.4 2 1
altevent/delivery/controllers/user/user.go:175.28,191.4 2 1
altevent/delivery/controllers/user/user.go:197.53,198.36 1 1
altevent/delivery/controllers/user/user.go:198.36,201.44 2 1
altevent/delivery/controllers/user/user.go:205.3,205.52 1 1
altevent/delivery/controllers/user/user.go:210.3,211.17 2 1
altevent/delivery/controllers/user/user.go:216.3,217.28 2 1
altevent/delivery/controllers/user/user.go:221.3,223.17 3 1
altevent/delivery/controllers/user/user.go:227.3,236.17 3 1
altevent/delivery/controllers/user/user.go:245.3,251.60 2 1
altevent/delivery/controllers/user/user.go:201.44,203.4 1 1
altevent/delivery/controllers/user/user.go:205.52,208.4 2 1
altevent/delivery/controllers/user/user.go:211.17,214.4 2 1
altevent/delivery/controllers/user/user.go:217.28,219.4 1 1
altevent/delivery/controllers/user/user.go:223.17,225.4 1 0
altevent/delivery/controllers/user/user.go:236.17,239.31 3 1
altevent/delivery/controllers/user/user.go:242.4,242.77 1 1
altevent/delivery/controllers/user/user.go:239.31,241.5 1 0
altevent/delivery/controllers/user/user.go:256.53,257.36 1 1
altevent/delivery/controllers/user/user.go:257.36,262.17 3 1
altevent/delivery/controllers/user/user.go:267.3,269.32 2 1
altevent/delivery/controllers/user/user.go:273.3,275.19 2 1
altevent/delivery/controllers/user/user.go:279.3,279.52 1 1
altevent/delivery/controllers/user/user.go:262.17,265.4 2 1
altevent/delivery/controllers/user/user.go:269.32,271.4 1 1
altevent/delivery/controllers/user/user.go:275.19,277.4 1 1
