mode: set
altevent/delivery/controllers/events/events.go:23.78,28.2 1 1
altevent/delivery/controllers/events/events.go:30.59,31.36 1 0
altevent/delivery/controllers/events/events.go:31.36,35.43 3 0
altevent/delivery/controllers/events/events.go:40.3,40.51 1 0
altevent/delivery/controllers/events/events.go:45.3,59.17 3 0
altevent/delivery/controllers/events/events.go:64.3,76.66 3 0
altevent/delivery/controllers/events/events.go:35.43,38.4 2 0
altevent/delivery/controllers/events/events.go:40.51,43.4 2 0
altevent/delivery/controllers/events/events.go:59.17,62.4 2 0
altevent/delivery/controllers/events/events.go:80.60,81.36 1 1
altevent/delivery/controllers/events/events.go:81.36,85.17 3 1
altevent/delivery/controllers/events/events.go:89.3,90.32 2 1
altevent/delivery/controllers/events/events.go:94.3,96.17 2 1
altevent/delivery/controllers/events/events.go:100.3,110.64 2 1
altevent/delivery/controllers/events/events.go:85.17,88.4 2 0
altevent/delivery/controllers/events/events.go:90.32,92.4 1 1
altevent/delivery/controllers/events/events.go:96.17,99.4 2 0
altevent/delivery/controllers/events/events.go:115.59,116.36 1 0
altevent/delivery/controllers/events/events.go:116.36,122.17 2 0
altevent/delivery/controllers/events/events.go:127.3,128.36 2 0
altevent/delivery/controllers/events/events.go:122.17,125.4 2 0
altevent/delivery/controllers/events/events.go:133.59,134.36 1 0
altevent/delivery/controllers/events/events.go:134.36,137.44 2 0
altevent/delivery/controllers/events/events.go:141.3,141.52 1 0
altevent/delivery/controllers/events/events.go:146.3,147.17 2 0
altevent/delivery/controllers/events/events.go:152.3,153.28 2 0
altevent/delivery/controllers/events/events.go:157.3,171.17 3 0
altevent/delivery/controllers/events/events.go:180.3,190.60 2 0
altevent/delivery/controllers/events/events.go:137.44,139.4 1 0
altevent/delivery/controllers/events/events.go:141.52,144.4 2 0
altevent/delivery/controllers/events/events.go:147.17,150.4 2 0
altevent/delivery/controllers/events/events.go:153.28,155.4 1 0
altevent/delivery/controllers/events/events.go:171.17,174.31 3 0
altevent/delivery/controllers/events/events.go:177.4,177.77 1 0
altevent/delivery/controllers/events/events.go:174.31,176.5 1 0
altevent/delivery/controllers/events/events.go:195.59,196.36 1 0
altevent/delivery/controllers/events/events.go:196.36,201.17 3 0
altevent/delivery/controllers/events/events.go:206.3,208.32 2 0
altevent/delivery/controllers/events/events.go:212.3,213.17 2 0
altevent/delivery/controllers/events/events.go:217.3,219.19 2 0
altevent/delivery/controllers/events/events.go:223.3,223.52 1 0
altevent/delivery/controllers/events/events.go:201.17,204.4 2 0
altevent/delivery/controllers/events/events.go:208.32,210.4 1 0
altevent/delivery/controllers/events/events.go:213.17,215.4 1 0
altevent/delivery/controllers/events/events.go:219.19,221.4 1 0
altevent/delivery/controllers/user/user.go:24.74,29.2 1 1
altevent/delivery/controllers/user/user.go:31.55,32.36 1 1
altevent/delivery/controllers/user/user.go:32.36,36.42 3 1
altevent/delivery/controllers/user/user.go:41.3,41.50 1 1
altevent/delivery/controllers/user/user.go:46.3,58.17 5 1
altevent/delivery/controllers/user/user.go:63.3,71.63 3 1
altevent/delivery/controllers/user/user.go:36.42,39.4 2 0
altevent/delivery/controllers/user/user.go:41.50,44.4 2 1
altevent/delivery/controllers/user/user.go:58.17,61.4 2 0
altevent/delivery/controllers/user/user.go:75.52,76.36 1 1
altevent/delivery/controllers/user/user.go:76.36,81.40 4 1
altevent/delivery/controllers/user/user.go:86.3,86.48 1 1
altevent/delivery/controllers/user/user.go:91.3,93.17 2 1
altevent/delivery/controllers/user/user.go:97.3,106.22 3 1
altevent/delivery/controllers/user/user.go:118.3,118.70 1 0
altevent/delivery/controllers/user/user.go:81.40,84.4 2 0
altevent/delivery/controllers/user/user.go:86.48,89.4 2 0
altevent/delivery/controllers/user/user.go:93.17,95.4 1 0
altevent/delivery/controllers/user/user.go:106.22,110.4 3 1
altevent/delivery/controllers/user/user.go:122.51,123.36 1 1
altevent/delivery/controllers/user/user.go:123.36,127.17 3 1
altevent/delivery/controllers/user/user.go:131.3,132.32 2 1
altevent/delivery/controllers/user/user.go:136.3,138.17 2 1
altevent/delivery/controllers/user/user.go:142.3,148.64 2 1
altevent/delivery/controllers/user/user.go:127.17,130.4 2 0
altevent/delivery/controllers/user/user.go:132.32,134.4 1 0
altevent/delivery/controllers/user/user.go:138.17,141.4 2 1
altevent/delivery/controllers/user/user.go:153.58,154.36 1 1
altevent/delivery/controllers/user/user.go:154.36,158.17 3 1
altevent/delivery/controllers/user/user.go:163.3,164.32 2 1
altevent/delivery/controllers/user/user.go:168.3,169.17 2 1
altevent/delivery/controllers/user/user.go:174.3,175.28 2 1
altevent/delivery/controllers/user/user.go:193.3,193.64 1 1
altevent/delivery/controllers/user/user.go:158.17,161.4 2 0
altevent/delivery/controllers/user/user.go:164.32,166.4 1 1
altevent/delivery/controllers/user/user.go:169.17,172.4 2 0
altevent/delivery/controllers/user/user.go:175.28,191.4 2 1
altevent/delivery/controllers/user/user.go:197.53,198.36 1 1
altevent/delivery/controllers/user/user.go:198.36,201.44 2 1
altevent/delivery/controllers/user/user.go:205.3,205.52 1 1
altevent/delivery/controllers/user/user.go:210.3,211.17 2 1
altevent/delivery/controllers/user/user.go:216.3,217.28 2 1
altevent/delivery/controllers/user/user.go:221.3,223.17 3 1
altevent/delivery/controllers/user/user.go:227.3,236.17 3 1
altevent/delivery/controllers/user/user.go:245.3,251.60 2 1
altevent/delivery/controllers/user/user.go:201.44,203.4 1 0
altevent/delivery/controllers/user/user.go:205.52,208.4 2 0
altevent/delivery/controllers/user/user.go:211.17,214.4 2 0
altevent/delivery/controllers/user/user.go:217.28,219.4 1 0
altevent/delivery/controllers/user/user.go:223.17,225.4 1 0
altevent/delivery/controllers/user/user.go:236.17,239.31 3 0
altevent/delivery/controllers/user/user.go:242.4,242.77 1 0
altevent/delivery/controllers/user/user.go:239.31,241.5 1 0
altevent/delivery/controllers/user/user.go:256.53,257.36 1 1
altevent/delivery/controllers/user/user.go:257.36,262.17 3 1
altevent/delivery/controllers/user/user.go:267.3,269.32 2 1
altevent/delivery/controllers/user/user.go:273.3,274.17 2 1
altevent/delivery/controllers/user/user.go:278.3,280.19 2 1
altevent/delivery/controllers/user/user.go:284.3,284.52 1 1
altevent/delivery/controllers/user/user.go:262.17,265.4 2 0
altevent/delivery/controllers/user/user.go:269.32,271.4 1 0
altevent/delivery/controllers/user/user.go:274.17,276.4 1 0
altevent/delivery/controllers/user/user.go:280.19,282.4 1 0
